[0.647s] Invoking command in '/home/mcfb/ros2_ws/src/px4-offboard': AMENT_PREFIX_PATH=/home/mcfb/ros2_ws/src/install/px4_msgs:${AMENT_PREFIX_PATH} CMAKE_PREFIX_PATH=/home/mcfb/ros2_ws/src/install/px4_msgs:${CMAKE_PREFIX_PATH} DEBUGINFOD_URLS=https://debuginfod.ubuntu.com LD_LIBRARY_PATH=/home/mcfb/ros2_ws/src/install/px4_msgs/lib:${LD_LIBRARY_PATH} PYTHONPATH=/home/mcfb/ros2_ws/src/build/px4_offboard/prefix_override:/usr/lib/python3/dist-packages/colcon_core/task/python/colcon_distutils_commands:/home/mcfb/ros2_ws/src/install/px4_offboard/lib/python3.12/site-packages:/home/mcfb/ros2_ws/src/install/px4_msgs/lib/python3.12/site-packages:${PYTHONPATH} /usr/bin/python3 -W ignore:setup.py install is deprecated -W ignore:easy_install command is deprecated setup.py egg_info --egg-base ../build/px4_offboard build --build-base /home/mcfb/ros2_ws/src/build/px4_offboard/build install --record /home/mcfb/ros2_ws/src/build/px4_offboard/install.log --single-version-externally-managed install_data
[0.796s] /home/mcfb/drone_venv/lib/python3.12/site-packages/setuptools/_distutils/dist.py:289: UserWarning: Unknown distribution option: 'tests_require'
[0.796s]   warnings.warn(msg)
[0.909s] running egg_info
[0.927s] creating ../build/px4_offboard/px4_offboard.egg-info
[0.927s] writing ../build/px4_offboard/px4_offboard.egg-info/PKG-INFO
[0.928s] writing dependency_links to ../build/px4_offboard/px4_offboard.egg-info/dependency_links.txt
[0.928s] writing entry points to ../build/px4_offboard/px4_offboard.egg-info/entry_points.txt
[0.928s] writing requirements to ../build/px4_offboard/px4_offboard.egg-info/requires.txt
[0.928s] writing top-level names to ../build/px4_offboard/px4_offboard.egg-info/top_level.txt
[0.928s] writing manifest file '../build/px4_offboard/px4_offboard.egg-info/SOURCES.txt'
[0.964s] reading manifest file '../build/px4_offboard/px4_offboard.egg-info/SOURCES.txt'
[0.964s] adding license file 'LICENSE'
[0.965s] writing manifest file '../build/px4_offboard/px4_offboard.egg-info/SOURCES.txt'
[0.965s] running build
[0.965s] running build_py
[0.965s] creating /home/mcfb/ros2_ws/src/build/px4_offboard/build/lib/px4_offboard
[0.965s] copying px4_offboard/offboard_control.py -> /home/mcfb/ros2_ws/src/build/px4_offboard/build/lib/px4_offboard
[0.965s] copying px4_offboard/__init__.py -> /home/mcfb/ros2_ws/src/build/px4_offboard/build/lib/px4_offboard
[0.965s] copying px4_offboard/visualizer.py -> /home/mcfb/ros2_ws/src/build/px4_offboard/build/lib/px4_offboard
[0.966s] running install
[0.971s] running install_lib
[0.988s] creating /home/mcfb/ros2_ws/src/install/px4_offboard/lib/python3.12/site-packages/px4_offboard
[0.988s] copying /home/mcfb/ros2_ws/src/build/px4_offboard/build/lib/px4_offboard/offboard_control.py -> /home/mcfb/ros2_ws/src/install/px4_offboard/lib/python3.12/site-packages/px4_offboard
[0.988s] copying /home/mcfb/ros2_ws/src/build/px4_offboard/build/lib/px4_offboard/__init__.py -> /home/mcfb/ros2_ws/src/install/px4_offboard/lib/python3.12/site-packages/px4_offboard
[0.988s] copying /home/mcfb/ros2_ws/src/build/px4_offboard/build/lib/px4_offboard/visualizer.py -> /home/mcfb/ros2_ws/src/install/px4_offboard/lib/python3.12/site-packages/px4_offboard
[0.989s] byte-compiling /home/mcfb/ros2_ws/src/install/px4_offboard/lib/python3.12/site-packages/px4_offboard/offboard_control.py to offboard_control.cpython-312.pyc
[0.990s] byte-compiling /home/mcfb/ros2_ws/src/install/px4_offboard/lib/python3.12/site-packages/px4_offboard/__init__.py to __init__.cpython-312.pyc
[0.990s] byte-compiling /home/mcfb/ros2_ws/src/install/px4_offboard/lib/python3.12/site-packages/px4_offboard/visualizer.py to visualizer.cpython-312.pyc
[0.992s] running install_data
[0.992s] creating /home/mcfb/ros2_ws/src/install/px4_offboard/share/ament_index/resource_index/packages
[0.992s] copying resource/px4_offboard -> /home/mcfb/ros2_ws/src/install/px4_offboard/share/ament_index/resource_index/packages
[0.992s] copying resource/visualize.rviz -> /home/mcfb/ros2_ws/src/install/px4_offboard/share/ament_index/resource_index/packages
[0.992s] copying package.xml -> /home/mcfb/ros2_ws/src/install/px4_offboard/share/px4_offboard
[0.992s] copying launch/offboard_position_control.launch.py -> /home/mcfb/ros2_ws/src/install/px4_offboard/share/px4_offboard
[0.993s] copying launch/offboard_hardware_position_control.launch.py -> /home/mcfb/ros2_ws/src/install/px4_offboard/share/px4_offboard
[0.993s] copying launch/visualize.launch.py -> /home/mcfb/ros2_ws/src/install/px4_offboard/share/px4_offboard
[0.993s] copying resource/visualize.rviz -> /home/mcfb/ros2_ws/src/install/px4_offboard/share/px4_offboard
[0.993s] running install_egg_info
[1.011s] Copying ../build/px4_offboard/px4_offboard.egg-info to /home/mcfb/ros2_ws/src/install/px4_offboard/lib/python3.12/site-packages/px4_offboard-0.0.0-py3.12.egg-info
[1.011s] running install_scripts
[1.047s] Installing offboard_control script to /home/mcfb/ros2_ws/src/install/px4_offboard/lib/px4_offboard
[1.048s] Installing visualizer script to /home/mcfb/ros2_ws/src/install/px4_offboard/lib/px4_offboard
[1.048s] writing list of installed files to '/home/mcfb/ros2_ws/src/build/px4_offboard/install.log'
[1.075s] Invoked command in '/home/mcfb/ros2_ws/src/px4-offboard' returned '0': AMENT_PREFIX_PATH=/home/mcfb/ros2_ws/src/install/px4_msgs:${AMENT_PREFIX_PATH} CMAKE_PREFIX_PATH=/home/mcfb/ros2_ws/src/install/px4_msgs:${CMAKE_PREFIX_PATH} DEBUGINFOD_URLS=https://debuginfod.ubuntu.com LD_LIBRARY_PATH=/home/mcfb/ros2_ws/src/install/px4_msgs/lib:${LD_LIBRARY_PATH} PYTHONPATH=/home/mcfb/ros2_ws/src/build/px4_offboard/prefix_override:/usr/lib/python3/dist-packages/colcon_core/task/python/colcon_distutils_commands:/home/mcfb/ros2_ws/src/install/px4_offboard/lib/python3.12/site-packages:/home/mcfb/ros2_ws/src/install/px4_msgs/lib/python3.12/site-packages:${PYTHONPATH} /usr/bin/python3 -W ignore:setup.py install is deprecated -W ignore:easy_install command is deprecated setup.py egg_info --egg-base ../build/px4_offboard build --build-base /home/mcfb/ros2_ws/src/build/px4_offboard/build install --record /home/mcfb/ros2_ws/src/build/px4_offboard/install.log --single-version-externally-managed install_data
