/home/mcfb/drone_venv/lib/python3.12/site-packages/setuptools/_distutils/dist.py:289: UserWarning: Unknown distribution option: 'tests_require'
  warnings.warn(msg)
running egg_info
writing ../../build/ai_navigator/ai_navigator.egg-info/PKG-INFO
writing dependency_links to ../../build/ai_navigator/ai_navigator.egg-info/dependency_links.txt
writing entry points to ../../build/ai_navigator/ai_navigator.egg-info/entry_points.txt
writing requirements to ../../build/ai_navigator/ai_navigator.egg-info/requires.txt
writing top-level names to ../../build/ai_navigator/ai_navigator.egg-info/top_level.txt
reading manifest file '../../build/ai_navigator/ai_navigator.egg-info/SOURCES.txt'
adding license file 'LICENSE'
writing manifest file '../../build/ai_navigator/ai_navigator.egg-info/SOURCES.txt'
running build
running build_py
copying ai_navigator/drone_state.py -> /home/mcfb/ros2_ws/build/ai_navigator/build/lib/ai_navigator
copying ai_navigator/navigation_params.py -> /home/mcfb/ros2_ws/build/ai_navigator/build/lib/ai_navigator
copying ai_navigator/obstacle_data.py -> /home/mcfb/ros2_ws/build/ai_navigator/build/lib/ai_navigator
copying ai_navigator/main.py -> /home/mcfb/ros2_ws/build/ai_navigator/build/lib/ai_navigator
copying ai_navigator/__init__.py -> /home/mcfb/ros2_ws/build/ai_navigator/build/lib/ai_navigator
copying ai_navigator/obstacles.py -> /home/mcfb/ros2_ws/build/ai_navigator/build/lib/ai_navigator
copying ai_navigator/smart_navigator.py -> /home/mcfb/ros2_ws/build/ai_navigator/build/lib/ai_navigator
copying ai_navigator/autonomous_navigation.py -> /home/mcfb/ros2_ws/build/ai_navigator/build/lib/ai_navigator
copying ai_navigator/path_planner.py -> /home/mcfb/ros2_ws/build/ai_navigator/build/lib/ai_navigator
running install
running install_lib
copying /home/mcfb/ros2_ws/build/ai_navigator/build/lib/ai_navigator/smart_navigator.py -> /home/mcfb/ros2_ws/install/ai_navigator/lib/python3.12/site-packages/ai_navigator
copying /home/mcfb/ros2_ws/build/ai_navigator/build/lib/ai_navigator/autonomous_navigation.py -> /home/mcfb/ros2_ws/install/ai_navigator/lib/python3.12/site-packages/ai_navigator
byte-compiling /home/mcfb/ros2_ws/install/ai_navigator/lib/python3.12/site-packages/ai_navigator/smart_navigator.py to smart_navigator.cpython-312.pyc
byte-compiling /home/mcfb/ros2_ws/install/ai_navigator/lib/python3.12/site-packages/ai_navigator/autonomous_navigation.py to autonomous_navigation.cpython-312.pyc
running install_data
running install_egg_info
removing '/home/mcfb/ros2_ws/install/ai_navigator/lib/python3.12/site-packages/ai_navigator-0.0.0-py3.12.egg-info' (and everything under it)
Copying ../../build/ai_navigator/ai_navigator.egg-info to /home/mcfb/ros2_ws/install/ai_navigator/lib/python3.12/site-packages/ai_navigator-0.0.0-py3.12.egg-info
running install_scripts
Installing ai_camera_sub script to /home/mcfb/ros2_ws/install/ai_navigator/lib/ai_navigator
Installing autonomous_navigation script to /home/mcfb/ros2_ws/install/ai_navigator/lib/ai_navigator
Installing navigate_to_point script to /home/mcfb/ros2_ws/install/ai_navigator/lib/ai_navigator
Installing point_to_point_nav script to /home/mcfb/ros2_ws/install/ai_navigator/lib/ai_navigator
writing list of installed files to '/home/mcfb/ros2_ws/build/ai_navigator/install.log'
