/home/mcfb/ros2_ws/install/px4_offboard/lib/python3.12/site-packages/px4_offboard/offboard_control.py
/home/mcfb/ros2_ws/install/px4_offboard/lib/python3.12/site-packages/px4_offboard/__init__.py
/home/mcfb/ros2_ws/install/px4_offboard/lib/python3.12/site-packages/px4_offboard/visualizer.py
/home/mcfb/ros2_ws/install/px4_offboard/lib/python3.12/site-packages/px4_offboard/__pycache__/offboard_control.cpython-312.pyc
/home/mcfb/ros2_ws/install/px4_offboard/lib/python3.12/site-packages/px4_offboard/__pycache__/__init__.cpython-312.pyc
/home/mcfb/ros2_ws/install/px4_offboard/lib/python3.12/site-packages/px4_offboard/__pycache__/visualizer.cpython-312.pyc
/home/mcfb/ros2_ws/install/px4_offboard/share/ament_index/resource_index/packages/px4_offboard
/home/mcfb/ros2_ws/install/px4_offboard/share/ament_index/resource_index/packages/visualize.rviz
/home/mcfb/ros2_ws/install/px4_offboard/share/px4_offboard/package.xml
/home/mcfb/ros2_ws/install/px4_offboard/share/px4_offboard/offboard_position_control.launch.py
/home/mcfb/ros2_ws/install/px4_offboard/share/px4_offboard/offboard_hardware_position_control.launch.py
/home/mcfb/ros2_ws/install/px4_offboard/share/px4_offboard/visualize.launch.py
/home/mcfb/ros2_ws/install/px4_offboard/share/px4_offboard/visualize.rviz
/home/mcfb/ros2_ws/install/px4_offboard/lib/python3.12/site-packages/px4_offboard-0.0.0-py3.12.egg-info/requires.txt
/home/mcfb/ros2_ws/install/px4_offboard/lib/python3.12/site-packages/px4_offboard-0.0.0-py3.12.egg-info/dependency_links.txt
/home/mcfb/ros2_ws/install/px4_offboard/lib/python3.12/site-packages/px4_offboard-0.0.0-py3.12.egg-info/SOURCES.txt
/home/mcfb/ros2_ws/install/px4_offboard/lib/python3.12/site-packages/px4_offboard-0.0.0-py3.12.egg-info/top_level.txt
/home/mcfb/ros2_ws/install/px4_offboard/lib/python3.12/site-packages/px4_offboard-0.0.0-py3.12.egg-info/zip-safe
/home/mcfb/ros2_ws/install/px4_offboard/lib/python3.12/site-packages/px4_offboard-0.0.0-py3.12.egg-info/entry_points.txt
/home/mcfb/ros2_ws/install/px4_offboard/lib/python3.12/site-packages/px4_offboard-0.0.0-py3.12.egg-info/PKG-INFO
/home/mcfb/ros2_ws/install/px4_offboard/lib/px4_offboard/offboard_control
/home/mcfb/ros2_ws/install/px4_offboard/lib/px4_offboard/visualizer
