[0.220s] Invoking command in '/home/mcfb/ros2_ws/src/build/px4_ros_com': AMENT_PREFIX_PATH=/home/mcfb/ros2_ws/src/install/px4_msgs:${AMENT_PREFIX_PATH} CMAKE_PREFIX_PATH=/home/mcfb/ros2_ws/src/install/px4_msgs:/home/mcfb/ros2_ws/install/px4_ros_com:/home/mcfb/ros2_ws/install/px4_msgs:/opt/ros/jazzy/opt/gz_sim_vendor:/opt/ros/jazzy/opt/gz_sensors_vendor:/opt/ros/jazzy/opt/gz_physics_vendor:/opt/ros/jazzy/opt/sdformat_vendor:/opt/ros/jazzy/opt/gz_gui_vendor:/opt/ros/jazzy/opt/gz_transport_vendor:/opt/ros/jazzy/opt/gz_rendering_vendor:/opt/ros/jazzy/opt/gz_plugin_vendor:/opt/ros/jazzy/opt/gz_fuel_tools_vendor:/opt/ros/jazzy/opt/gz_msgs_vendor:/opt/ros/jazzy/opt/gz_common_vendor:/opt/ros/jazzy/opt/gz_math_vendor:/opt/ros/jazzy/opt/gz_utils_vendor:/opt/ros/jazzy/opt/gz_tools_vendor:/opt/ros/jazzy/opt/gz_ogre_next_vendor:/opt/ros/jazzy/opt/gz_dartsim_vendor:/opt/ros/jazzy/opt/gz_cmake_vendor:/home/mcfb/ros2_ws/install/px4_offboard:/home/mcfb/ros2_ws/install/ai_navigator:/opt/ros/jazzy DEBUGINFOD_URLS=https://debuginfod.ubuntu.com LD_LIBRARY_PATH=/home/mcfb/ros2_ws/src/install/px4_msgs/lib:${LD_LIBRARY_PATH} PYTHONPATH=/home/mcfb/ros2_ws/src/install/px4_msgs/lib/python3.12/site-packages:${PYTHONPATH} /usr/bin/cmake /home/mcfb/ros2_ws/src/px4_ros_com -DCMAKE_INSTALL_PREFIX=/home/mcfb/ros2_ws/src/install/px4_ros_com
[0.267s] -- The C compiler identification is GNU 13.3.0
[0.317s] -- The CXX compiler identification is GNU 13.3.0
[0.334s] -- Detecting C compiler ABI info
[0.419s] -- Detecting C compiler ABI info - done
[0.430s] -- Check for working C compiler: /usr/bin/cc - skipped
[0.430s] -- Detecting C compile features
[0.430s] -- Detecting C compile features - done
[0.439s] -- Detecting CXX compiler ABI info
[0.528s] -- Detecting CXX compiler ABI info - done
[0.536s] -- Check for working CXX compiler: /usr/bin/c++ - skipped
[0.536s] -- Detecting CXX compile features
[0.536s] -- Detecting CXX compile features - done
[0.539s] -- Found ament_cmake: 2.5.4 (/opt/ros/jazzy/share/ament_cmake/cmake)
[0.689s] -- Found Python3: /usr/bin/python3 (found version "3.12.3") found components: Interpreter 
[0.801s] -- Found builtin_interfaces: 2.0.2 (/opt/ros/jazzy/share/builtin_interfaces/cmake)
[0.842s] -- Found rosidl_generator_c: 4.6.5 (/opt/ros/jazzy/share/rosidl_generator_c/cmake)
[0.857s] -- Found rosidl_generator_cpp: 4.6.5 (/opt/ros/jazzy/share/rosidl_generator_cpp/cmake)
[0.875s] -- Using all available rosidl_typesupport_c: rosidl_typesupport_fastrtps_c;rosidl_typesupport_introspection_c
[0.894s] -- Using all available rosidl_typesupport_cpp: rosidl_typesupport_fastrtps_cpp;rosidl_typesupport_introspection_cpp
[0.912s] -- Found eigen3_cmake_module: 0.3.0 (/opt/ros/jazzy/share/eigen3_cmake_module/cmake)
[0.919s] -- Found Eigen3: TRUE (found version "3.4.0") 
[0.922s] -- Found geometry_msgs: 5.3.6 (/opt/ros/jazzy/share/geometry_msgs/cmake)
[0.955s] -- Found px4_msgs: 2.0.1 (/home/mcfb/ros2_ws/src/install/px4_msgs/share/px4_msgs/cmake)
[0.987s] -- Found rclcpp: 28.1.9 (/opt/ros/jazzy/share/rclcpp/cmake)
[1.041s] -- Found rmw_implementation_cmake: 7.3.2 (/opt/ros/jazzy/share/rmw_implementation_cmake/cmake)
[1.044s] -- Found rmw_fastrtps_cpp: 8.4.2 (/opt/ros/jazzy/share/rmw_fastrtps_cpp/cmake)
[1.136s] -- Found OpenSSL: /usr/lib/x86_64-linux-gnu/libcrypto.so (found version "3.0.13")  
[1.160s] -- Found FastRTPS: /opt/ros/jazzy/include (Required is at least version "2.13") 
[1.187s] -- Using RMW implementation 'rmw_fastrtps_cpp' as default
[1.258s] -- Found sensor_msgs: 5.3.6 (/opt/ros/jazzy/share/sensor_msgs/cmake)
[1.281s] -- Found rclpy: 7.1.4 (/opt/ros/jazzy/share/rclpy/cmake)
[1.291s] -- Found ament_lint_auto: 0.17.2 (/opt/ros/jazzy/share/ament_lint_auto/cmake)
[1.423s] -- Added test 'copyright' to check source files copyright and LICENSE
[1.427s] -- Added test 'cppcheck' to perform static code analysis on C / C++ code
[1.428s] -- Configured cppcheck include dirs: /home/mcfb/ros2_ws/src/px4_ros_com/include;$<BUILD_INTERFACE:/home/mcfb/ros2_ws/src/px4_ros_com/include/px4_ros_com>
[1.428s] -- Configured cppcheck exclude dirs and/or files: 
[1.431s] -- Added test 'cpplint' to check C / C++ code against the Google style
[1.431s] -- Configured cpplint exclude dirs and/or files: 
[1.434s] -- Added test 'flake8' to check Python code syntax and style conventions
[1.434s] -- Configured 'flake8' exclude dirs and/or files: 
[1.434s] -- Added test 'lint_cmake' to check CMake code style
[1.439s] -- Added test 'pep257' to check Python code against some of the docstring style conventions in PEP 257
[1.441s] -- Added test 'uncrustify' to check C / C++ code style
[1.441s] -- Configured uncrustify additional arguments: 
[1.442s] -- Added test 'xmllint' to check XML markup files
[1.444s] -- Configuring done (1.2s)
[1.469s] -- Generating done (0.0s)
[1.476s] -- Build files have been written to: /home/mcfb/ros2_ws/src/build/px4_ros_com
[1.489s] Invoked command in '/home/mcfb/ros2_ws/src/build/px4_ros_com' returned '0': AMENT_PREFIX_PATH=/home/mcfb/ros2_ws/src/install/px4_msgs:${AMENT_PREFIX_PATH} CMAKE_PREFIX_PATH=/home/mcfb/ros2_ws/src/install/px4_msgs:/home/mcfb/ros2_ws/install/px4_ros_com:/home/mcfb/ros2_ws/install/px4_msgs:/opt/ros/jazzy/opt/gz_sim_vendor:/opt/ros/jazzy/opt/gz_sensors_vendor:/opt/ros/jazzy/opt/gz_physics_vendor:/opt/ros/jazzy/opt/sdformat_vendor:/opt/ros/jazzy/opt/gz_gui_vendor:/opt/ros/jazzy/opt/gz_transport_vendor:/opt/ros/jazzy/opt/gz_rendering_vendor:/opt/ros/jazzy/opt/gz_plugin_vendor:/opt/ros/jazzy/opt/gz_fuel_tools_vendor:/opt/ros/jazzy/opt/gz_msgs_vendor:/opt/ros/jazzy/opt/gz_common_vendor:/opt/ros/jazzy/opt/gz_math_vendor:/opt/ros/jazzy/opt/gz_utils_vendor:/opt/ros/jazzy/opt/gz_tools_vendor:/opt/ros/jazzy/opt/gz_ogre_next_vendor:/opt/ros/jazzy/opt/gz_dartsim_vendor:/opt/ros/jazzy/opt/gz_cmake_vendor:/home/mcfb/ros2_ws/install/px4_offboard:/home/mcfb/ros2_ws/install/ai_navigator:/opt/ros/jazzy DEBUGINFOD_URLS=https://debuginfod.ubuntu.com LD_LIBRARY_PATH=/home/mcfb/ros2_ws/src/install/px4_msgs/lib:${LD_LIBRARY_PATH} PYTHONPATH=/home/mcfb/ros2_ws/src/install/px4_msgs/lib/python3.12/site-packages:${PYTHONPATH} /usr/bin/cmake /home/mcfb/ros2_ws/src/px4_ros_com -DCMAKE_INSTALL_PREFIX=/home/mcfb/ros2_ws/src/install/px4_ros_com
[1.490s] Invoking command in '/home/mcfb/ros2_ws/src/build/px4_ros_com': AMENT_PREFIX_PATH=/home/mcfb/ros2_ws/src/install/px4_msgs:${AMENT_PREFIX_PATH} CMAKE_PREFIX_PATH=/home/mcfb/ros2_ws/src/install/px4_msgs:/home/mcfb/ros2_ws/install/px4_ros_com:/home/mcfb/ros2_ws/install/px4_msgs:/opt/ros/jazzy/opt/gz_sim_vendor:/opt/ros/jazzy/opt/gz_sensors_vendor:/opt/ros/jazzy/opt/gz_physics_vendor:/opt/ros/jazzy/opt/sdformat_vendor:/opt/ros/jazzy/opt/gz_gui_vendor:/opt/ros/jazzy/opt/gz_transport_vendor:/opt/ros/jazzy/opt/gz_rendering_vendor:/opt/ros/jazzy/opt/gz_plugin_vendor:/opt/ros/jazzy/opt/gz_fuel_tools_vendor:/opt/ros/jazzy/opt/gz_msgs_vendor:/opt/ros/jazzy/opt/gz_common_vendor:/opt/ros/jazzy/opt/gz_math_vendor:/opt/ros/jazzy/opt/gz_utils_vendor:/opt/ros/jazzy/opt/gz_tools_vendor:/opt/ros/jazzy/opt/gz_ogre_next_vendor:/opt/ros/jazzy/opt/gz_dartsim_vendor:/opt/ros/jazzy/opt/gz_cmake_vendor:/home/mcfb/ros2_ws/install/px4_offboard:/home/mcfb/ros2_ws/install/ai_navigator:/opt/ros/jazzy DEBUGINFOD_URLS=https://debuginfod.ubuntu.com LD_LIBRARY_PATH=/home/mcfb/ros2_ws/src/install/px4_msgs/lib:${LD_LIBRARY_PATH} PYTHONPATH=/home/mcfb/ros2_ws/src/install/px4_msgs/lib/python3.12/site-packages:${PYTHONPATH} /usr/bin/cmake --build /home/mcfb/ros2_ws/src/build/px4_ros_com -- -j12 -l12
[1.540s] [ 16%] [32mBuilding CXX object CMakeFiles/frame_transforms.dir/src/lib/frame_transforms.cpp.o[0m
[1.540s] [ 16%] [32mBuilding CXX object CMakeFiles/sensor_combined_listener.dir/src/examples/listeners/sensor_combined_listener.cpp.o[0m
[1.540s] [ 25%] [32mBuilding CXX object CMakeFiles/vehicle_gps_position_listener.dir/src/examples/listeners/vehicle_gps_position_listener.cpp.o[0m
[1.541s] [ 33%] [32mBuilding CXX object CMakeFiles/debug_vect_advertiser.dir/src/examples/advertisers/debug_vect_advertiser.cpp.o[0m
[1.543s] [ 41%] [32mBuilding CXX object CMakeFiles/offboard_control.dir/src/examples/offboard/offboard_control.cpp.o[0m
[1.545s] [ 50%] [32mBuilding CXX object CMakeFiles/offboard_control_srv.dir/src/examples/offboard/offboard_control_srv.cpp.o[0m
[6.419s] [ 58%] [32m[1mLinking CXX executable debug_vect_advertiser[0m
[6.666s] [ 58%] Built target debug_vect_advertiser
[6.706s] [ 58%] Built target ament_cmake_python_copy_px4_ros_com
[7.011s] running egg_info
[7.037s] creating px4_ros_com.egg-info
[7.039s] writing px4_ros_com.egg-info/PKG-INFO
[7.039s] writing dependency_links to px4_ros_com.egg-info/dependency_links.txt
[7.039s] writing top-level names to px4_ros_com.egg-info/top_level.txt
[7.039s] writing manifest file 'px4_ros_com.egg-info/SOURCES.txt'
[7.109s] reading manifest file 'px4_ros_com.egg-info/SOURCES.txt'
[7.111s] writing manifest file 'px4_ros_com.egg-info/SOURCES.txt'
[7.155s] [ 58%] Built target ament_cmake_python_build_px4_ros_com_egg
[8.447s] [ 66%] [32m[1mLinking CXX executable offboard_control[0m
[8.496s] [ 75%] [32m[1mLinking CXX executable offboard_control_srv[0m
[8.698s] [ 75%] Built target offboard_control
[8.751s] [ 75%] Built target offboard_control_srv
[9.191s] [ 83%] [32m[1mLinking CXX shared library libframe_transforms.so[0m
[9.381s] [ 83%] Built target frame_transforms
[9.683s] [ 91%] [32m[1mLinking CXX executable sensor_combined_listener[0m
[9.725s] [100%] [32m[1mLinking CXX executable vehicle_gps_position_listener[0m
[9.939s] [100%] Built target sensor_combined_listener
[9.980s] [100%] Built target vehicle_gps_position_listener
[9.994s] Invoked command in '/home/mcfb/ros2_ws/src/build/px4_ros_com' returned '0': AMENT_PREFIX_PATH=/home/mcfb/ros2_ws/src/install/px4_msgs:${AMENT_PREFIX_PATH} CMAKE_PREFIX_PATH=/home/mcfb/ros2_ws/src/install/px4_msgs:/home/mcfb/ros2_ws/install/px4_ros_com:/home/mcfb/ros2_ws/install/px4_msgs:/opt/ros/jazzy/opt/gz_sim_vendor:/opt/ros/jazzy/opt/gz_sensors_vendor:/opt/ros/jazzy/opt/gz_physics_vendor:/opt/ros/jazzy/opt/sdformat_vendor:/opt/ros/jazzy/opt/gz_gui_vendor:/opt/ros/jazzy/opt/gz_transport_vendor:/opt/ros/jazzy/opt/gz_rendering_vendor:/opt/ros/jazzy/opt/gz_plugin_vendor:/opt/ros/jazzy/opt/gz_fuel_tools_vendor:/opt/ros/jazzy/opt/gz_msgs_vendor:/opt/ros/jazzy/opt/gz_common_vendor:/opt/ros/jazzy/opt/gz_math_vendor:/opt/ros/jazzy/opt/gz_utils_vendor:/opt/ros/jazzy/opt/gz_tools_vendor:/opt/ros/jazzy/opt/gz_ogre_next_vendor:/opt/ros/jazzy/opt/gz_dartsim_vendor:/opt/ros/jazzy/opt/gz_cmake_vendor:/home/mcfb/ros2_ws/install/px4_offboard:/home/mcfb/ros2_ws/install/ai_navigator:/opt/ros/jazzy DEBUGINFOD_URLS=https://debuginfod.ubuntu.com LD_LIBRARY_PATH=/home/mcfb/ros2_ws/src/install/px4_msgs/lib:${LD_LIBRARY_PATH} PYTHONPATH=/home/mcfb/ros2_ws/src/install/px4_msgs/lib/python3.12/site-packages:${PYTHONPATH} /usr/bin/cmake --build /home/mcfb/ros2_ws/src/build/px4_ros_com -- -j12 -l12
[9.994s] Invoking command in '/home/mcfb/ros2_ws/src/build/px4_ros_com': AMENT_PREFIX_PATH=/home/mcfb/ros2_ws/src/install/px4_msgs:${AMENT_PREFIX_PATH} CMAKE_PREFIX_PATH=/home/mcfb/ros2_ws/src/install/px4_msgs:/home/mcfb/ros2_ws/install/px4_ros_com:/home/mcfb/ros2_ws/install/px4_msgs:/opt/ros/jazzy/opt/gz_sim_vendor:/opt/ros/jazzy/opt/gz_sensors_vendor:/opt/ros/jazzy/opt/gz_physics_vendor:/opt/ros/jazzy/opt/sdformat_vendor:/opt/ros/jazzy/opt/gz_gui_vendor:/opt/ros/jazzy/opt/gz_transport_vendor:/opt/ros/jazzy/opt/gz_rendering_vendor:/opt/ros/jazzy/opt/gz_plugin_vendor:/opt/ros/jazzy/opt/gz_fuel_tools_vendor:/opt/ros/jazzy/opt/gz_msgs_vendor:/opt/ros/jazzy/opt/gz_common_vendor:/opt/ros/jazzy/opt/gz_math_vendor:/opt/ros/jazzy/opt/gz_utils_vendor:/opt/ros/jazzy/opt/gz_tools_vendor:/opt/ros/jazzy/opt/gz_ogre_next_vendor:/opt/ros/jazzy/opt/gz_dartsim_vendor:/opt/ros/jazzy/opt/gz_cmake_vendor:/home/mcfb/ros2_ws/install/px4_offboard:/home/mcfb/ros2_ws/install/ai_navigator:/opt/ros/jazzy DEBUGINFOD_URLS=https://debuginfod.ubuntu.com LD_LIBRARY_PATH=/home/mcfb/ros2_ws/src/install/px4_msgs/lib:${LD_LIBRARY_PATH} PYTHONPATH=/home/mcfb/ros2_ws/src/install/px4_msgs/lib/python3.12/site-packages:${PYTHONPATH} /usr/bin/cmake --install /home/mcfb/ros2_ws/src/build/px4_ros_com
[10.003s] -- Install configuration: ""
[10.003s] -- Installing: /home/mcfb/ros2_ws/src/install/px4_ros_com/lib/px4_ros_com/sensor_combined_listener
[10.005s] -- Set non-toolchain portion of runtime path of "/home/mcfb/ros2_ws/src/install/px4_ros_com/lib/px4_ros_com/sensor_combined_listener" to ""
[10.006s] -- Installing: /home/mcfb/ros2_ws/src/install/px4_ros_com/lib/px4_ros_com/vehicle_gps_position_listener
[10.008s] -- Set non-toolchain portion of runtime path of "/home/mcfb/ros2_ws/src/install/px4_ros_com/lib/px4_ros_com/vehicle_gps_position_listener" to ""
[10.008s] -- Installing: /home/mcfb/ros2_ws/src/install/px4_ros_com/lib/px4_ros_com/debug_vect_advertiser
[10.009s] -- Set non-toolchain portion of runtime path of "/home/mcfb/ros2_ws/src/install/px4_ros_com/lib/px4_ros_com/debug_vect_advertiser" to ""
[10.009s] -- Installing: /home/mcfb/ros2_ws/src/install/px4_ros_com/lib/px4_ros_com/offboard_control
[10.011s] -- Set non-toolchain portion of runtime path of "/home/mcfb/ros2_ws/src/install/px4_ros_com/lib/px4_ros_com/offboard_control" to ""
[10.011s] -- Installing: /home/mcfb/ros2_ws/src/install/px4_ros_com/lib/px4_ros_com/offboard_control_srv
[10.012s] -- Set non-toolchain portion of runtime path of "/home/mcfb/ros2_ws/src/install/px4_ros_com/lib/px4_ros_com/offboard_control_srv" to ""
[10.012s] -- Installing: /home/mcfb/ros2_ws/src/install/px4_ros_com/share/px4_ros_com/environment/library_path.sh
[10.012s] -- Installing: /home/mcfb/ros2_ws/src/install/px4_ros_com/share/px4_ros_com/environment/library_path.dsv
[10.013s] -- Installing: /home/mcfb/ros2_ws/src/install/px4_ros_com/include/px4_ros_com
[10.013s] -- Installing: /home/mcfb/ros2_ws/src/install/px4_ros_com/include/px4_ros_com/frame_transforms.h
[10.013s] -- Installing: /home/mcfb/ros2_ws/src/install/px4_ros_com/lib/libframe_transforms.so
[10.015s] -- Set non-toolchain portion of runtime path of "/home/mcfb/ros2_ws/src/install/px4_ros_com/lib/libframe_transforms.so" to ""
[10.015s] -- Installing: /home/mcfb/ros2_ws/src/install/px4_ros_com/share/px4_ros_com//launch
[10.015s] -- Installing: /home/mcfb/ros2_ws/src/install/px4_ros_com/share/px4_ros_com//launch/offboard_control_launch.yaml
[10.015s] -- Installing: /home/mcfb/ros2_ws/src/install/px4_ros_com/share/px4_ros_com//launch/sensor_combined_listener.launch.py
[10.015s] -- Installing: /home/mcfb/ros2_ws/src/install/px4_ros_com/share/px4_ros_com//test
[10.015s] -- Installing: /home/mcfb/ros2_ws/src/install/px4_ros_com/share/px4_ros_com//test/pipeline_io_test.py
[10.015s] -- Installing: /home/mcfb/ros2_ws/src/install/px4_ros_com/share/px4_ros_com//test/test_input.py
[10.016s] -- Installing: /home/mcfb/ros2_ws/src/install/px4_ros_com/share/px4_ros_com//test/test_output.py
[10.016s] -- Installing: /home/mcfb/ros2_ws/src/install/px4_ros_com/share/px4_ros_com//test/__init__.py
[10.016s] -- Installing: /home/mcfb/ros2_ws/src/install/px4_ros_com/share/px4_ros_com/environment/pythonpath.sh
[10.016s] -- Installing: /home/mcfb/ros2_ws/src/install/px4_ros_com/share/px4_ros_com/environment/pythonpath.dsv
[10.016s] -- Installing: /home/mcfb/ros2_ws/src/install/px4_ros_com/lib/python3.12/site-packages/px4_ros_com-0.1.0-py3.12.egg-info
[10.016s] -- Installing: /home/mcfb/ros2_ws/src/install/px4_ros_com/lib/python3.12/site-packages/px4_ros_com-0.1.0-py3.12.egg-info/dependency_links.txt
[10.016s] -- Installing: /home/mcfb/ros2_ws/src/install/px4_ros_com/lib/python3.12/site-packages/px4_ros_com-0.1.0-py3.12.egg-info/SOURCES.txt
[10.016s] -- Installing: /home/mcfb/ros2_ws/src/install/px4_ros_com/lib/python3.12/site-packages/px4_ros_com-0.1.0-py3.12.egg-info/top_level.txt
[10.016s] -- Installing: /home/mcfb/ros2_ws/src/install/px4_ros_com/lib/python3.12/site-packages/px4_ros_com-0.1.0-py3.12.egg-info/PKG-INFO
[10.016s] -- Installing: /home/mcfb/ros2_ws/src/install/px4_ros_com/lib/python3.12/site-packages/px4_ros_com
[10.016s] -- Installing: /home/mcfb/ros2_ws/src/install/px4_ros_com/lib/python3.12/site-packages/px4_ros_com/__init__.py
[10.017s] -- Installing: /home/mcfb/ros2_ws/src/install/px4_ros_com/lib/python3.12/site-packages/px4_ros_com/module_to_import.py
[10.051s] Listing '/home/mcfb/ros2_ws/src/install/px4_ros_com/lib/python3.12/site-packages/px4_ros_com'...
[10.051s] Compiling '/home/mcfb/ros2_ws/src/install/px4_ros_com/lib/python3.12/site-packages/px4_ros_com/__init__.py'...
[10.051s] Compiling '/home/mcfb/ros2_ws/src/install/px4_ros_com/lib/python3.12/site-packages/px4_ros_com/module_to_import.py'...
[10.056s] -- Installing: /home/mcfb/ros2_ws/src/install/px4_ros_com/lib/px4_ros_com/offboard_control.py
[10.057s] -- Installing: /home/mcfb/ros2_ws/src/install/px4_ros_com/share/ament_index/resource_index/package_run_dependencies/px4_ros_com
[10.057s] -- Installing: /home/mcfb/ros2_ws/src/install/px4_ros_com/share/ament_index/resource_index/parent_prefix_path/px4_ros_com
[10.057s] -- Installing: /home/mcfb/ros2_ws/src/install/px4_ros_com/share/px4_ros_com/environment/ament_prefix_path.sh
[10.057s] -- Installing: /home/mcfb/ros2_ws/src/install/px4_ros_com/share/px4_ros_com/environment/ament_prefix_path.dsv
[10.057s] -- Installing: /home/mcfb/ros2_ws/src/install/px4_ros_com/share/px4_ros_com/environment/path.sh
[10.057s] -- Installing: /home/mcfb/ros2_ws/src/install/px4_ros_com/share/px4_ros_com/environment/path.dsv
[10.057s] -- Installing: /home/mcfb/ros2_ws/src/install/px4_ros_com/share/px4_ros_com/local_setup.bash
[10.057s] -- Installing: /home/mcfb/ros2_ws/src/install/px4_ros_com/share/px4_ros_com/local_setup.sh
[10.057s] -- Installing: /home/mcfb/ros2_ws/src/install/px4_ros_com/share/px4_ros_com/local_setup.zsh
[10.057s] -- Installing: /home/mcfb/ros2_ws/src/install/px4_ros_com/share/px4_ros_com/local_setup.dsv
[10.058s] -- Installing: /home/mcfb/ros2_ws/src/install/px4_ros_com/share/px4_ros_com/package.dsv
[10.058s] -- Installing: /home/mcfb/ros2_ws/src/install/px4_ros_com/share/ament_index/resource_index/packages/px4_ros_com
[10.058s] -- Installing: /home/mcfb/ros2_ws/src/install/px4_ros_com/share/px4_ros_com/cmake/export_frame_transformsExport.cmake
[10.058s] -- Installing: /home/mcfb/ros2_ws/src/install/px4_ros_com/share/px4_ros_com/cmake/export_frame_transformsExport-noconfig.cmake
[10.058s] -- Installing: /home/mcfb/ros2_ws/src/install/px4_ros_com/share/px4_ros_com/cmake/ament_cmake_export_dependencies-extras.cmake
[10.058s] -- Installing: /home/mcfb/ros2_ws/src/install/px4_ros_com/share/px4_ros_com/cmake/ament_cmake_export_targets-extras.cmake
[10.058s] -- Installing: /home/mcfb/ros2_ws/src/install/px4_ros_com/share/px4_ros_com/cmake/ament_cmake_export_include_directories-extras.cmake
[10.058s] -- Installing: /home/mcfb/ros2_ws/src/install/px4_ros_com/share/px4_ros_com/cmake/ament_cmake_export_libraries-extras.cmake
[10.058s] -- Installing: /home/mcfb/ros2_ws/src/install/px4_ros_com/share/px4_ros_com/cmake/px4_ros_comConfig.cmake
[10.059s] -- Installing: /home/mcfb/ros2_ws/src/install/px4_ros_com/share/px4_ros_com/cmake/px4_ros_comConfig-version.cmake
[10.059s] -- Installing: /home/mcfb/ros2_ws/src/install/px4_ros_com/share/px4_ros_com/package.xml
[10.060s] Invoked command in '/home/mcfb/ros2_ws/src/build/px4_ros_com' returned '0': AMENT_PREFIX_PATH=/home/mcfb/ros2_ws/src/install/px4_msgs:${AMENT_PREFIX_PATH} CMAKE_PREFIX_PATH=/home/mcfb/ros2_ws/src/install/px4_msgs:/home/mcfb/ros2_ws/install/px4_ros_com:/home/mcfb/ros2_ws/install/px4_msgs:/opt/ros/jazzy/opt/gz_sim_vendor:/opt/ros/jazzy/opt/gz_sensors_vendor:/opt/ros/jazzy/opt/gz_physics_vendor:/opt/ros/jazzy/opt/sdformat_vendor:/opt/ros/jazzy/opt/gz_gui_vendor:/opt/ros/jazzy/opt/gz_transport_vendor:/opt/ros/jazzy/opt/gz_rendering_vendor:/opt/ros/jazzy/opt/gz_plugin_vendor:/opt/ros/jazzy/opt/gz_fuel_tools_vendor:/opt/ros/jazzy/opt/gz_msgs_vendor:/opt/ros/jazzy/opt/gz_common_vendor:/opt/ros/jazzy/opt/gz_math_vendor:/opt/ros/jazzy/opt/gz_utils_vendor:/opt/ros/jazzy/opt/gz_tools_vendor:/opt/ros/jazzy/opt/gz_ogre_next_vendor:/opt/ros/jazzy/opt/gz_dartsim_vendor:/opt/ros/jazzy/opt/gz_cmake_vendor:/home/mcfb/ros2_ws/install/px4_offboard:/home/mcfb/ros2_ws/install/ai_navigator:/opt/ros/jazzy DEBUGINFOD_URLS=https://debuginfod.ubuntu.com LD_LIBRARY_PATH=/home/mcfb/ros2_ws/src/install/px4_msgs/lib:${LD_LIBRARY_PATH} PYTHONPATH=/home/mcfb/ros2_ws/src/install/px4_msgs/lib/python3.12/site-packages:${PYTHONPATH} /usr/bin/cmake --install /home/mcfb/ros2_ws/src/build/px4_ros_com
