[0.607s] Invoking command in '/home/mcfb/ros2_ws/src/ai_navigator': DEBUGINFOD_URLS=https://debuginfod.ubuntu.com PYTHONPATH=/home/mcfb/ros2_ws/src/ai_navigator/build/ai_navigator/prefix_override:/usr/lib/python3/dist-packages/colcon_core/task/python/colcon_distutils_commands:/home/mcfb/ros2_ws/src/ai_navigator/install/ai_navigator/lib/python3.12/site-packages:${PYTHONPATH} /usr/bin/python3 -W ignore:setup.py install is deprecated -W ignore:easy_install command is deprecated setup.py egg_info --egg-base build/ai_navigator build --build-base /home/mcfb/ros2_ws/src/ai_navigator/build/ai_navigator/build install --record /home/mcfb/ros2_ws/src/ai_navigator/build/ai_navigator/install.log --single-version-externally-managed install_data
[0.752s] /home/mcfb/drone_venv/lib/python3.12/site-packages/setuptools/_distutils/dist.py:289: UserWarning: Unknown distribution option: 'tests_require'
[0.752s]   warnings.warn(msg)
[0.862s] running egg_info
[0.883s] creating build/ai_navigator/ai_navigator.egg-info
[0.883s] writing build/ai_navigator/ai_navigator.egg-info/PKG-INFO
[0.883s] writing dependency_links to build/ai_navigator/ai_navigator.egg-info/dependency_links.txt
[0.883s] writing entry points to build/ai_navigator/ai_navigator.egg-info/entry_points.txt
[0.883s] writing requirements to build/ai_navigator/ai_navigator.egg-info/requires.txt
[0.884s] writing top-level names to build/ai_navigator/ai_navigator.egg-info/top_level.txt
[0.884s] writing manifest file 'build/ai_navigator/ai_navigator.egg-info/SOURCES.txt'
[0.919s] reading manifest file 'build/ai_navigator/ai_navigator.egg-info/SOURCES.txt'
[0.919s] adding license file 'LICENSE'
[0.920s] writing manifest file 'build/ai_navigator/ai_navigator.egg-info/SOURCES.txt'
[0.920s] running build
[0.920s] running build_py
[0.920s] creating /home/mcfb/ros2_ws/src/ai_navigator/build/ai_navigator/build/lib/ai_navigator
[0.920s] copying ai_navigator/drone_state.py -> /home/mcfb/ros2_ws/src/ai_navigator/build/ai_navigator/build/lib/ai_navigator
[0.920s] copying ai_navigator/navigation_params.py -> /home/mcfb/ros2_ws/src/ai_navigator/build/ai_navigator/build/lib/ai_navigator
[0.920s] copying ai_navigator/obstacle_data.py -> /home/mcfb/ros2_ws/src/ai_navigator/build/ai_navigator/build/lib/ai_navigator
[0.921s] copying ai_navigator/main.py -> /home/mcfb/ros2_ws/src/ai_navigator/build/ai_navigator/build/lib/ai_navigator
[0.921s] copying ai_navigator/__init__.py -> /home/mcfb/ros2_ws/src/ai_navigator/build/ai_navigator/build/lib/ai_navigator
[0.921s] copying ai_navigator/obstacles.py -> /home/mcfb/ros2_ws/src/ai_navigator/build/ai_navigator/build/lib/ai_navigator
[0.921s] copying ai_navigator/smart_navigator.py -> /home/mcfb/ros2_ws/src/ai_navigator/build/ai_navigator/build/lib/ai_navigator
[0.921s] copying ai_navigator/autonomous_navigation.py -> /home/mcfb/ros2_ws/src/ai_navigator/build/ai_navigator/build/lib/ai_navigator
[0.921s] copying ai_navigator/path_planner.py -> /home/mcfb/ros2_ws/src/ai_navigator/build/ai_navigator/build/lib/ai_navigator
[0.921s] running install
[0.926s] running install_lib
[0.946s] creating /home/mcfb/ros2_ws/src/ai_navigator/install/ai_navigator/lib/python3.12/site-packages/ai_navigator
[0.946s] copying /home/mcfb/ros2_ws/src/ai_navigator/build/ai_navigator/build/lib/ai_navigator/drone_state.py -> /home/mcfb/ros2_ws/src/ai_navigator/install/ai_navigator/lib/python3.12/site-packages/ai_navigator
[0.946s] copying /home/mcfb/ros2_ws/src/ai_navigator/build/ai_navigator/build/lib/ai_navigator/navigation_params.py -> /home/mcfb/ros2_ws/src/ai_navigator/install/ai_navigator/lib/python3.12/site-packages/ai_navigator
[0.946s] copying /home/mcfb/ros2_ws/src/ai_navigator/build/ai_navigator/build/lib/ai_navigator/obstacle_data.py -> /home/mcfb/ros2_ws/src/ai_navigator/install/ai_navigator/lib/python3.12/site-packages/ai_navigator
[0.947s] copying /home/mcfb/ros2_ws/src/ai_navigator/build/ai_navigator/build/lib/ai_navigator/main.py -> /home/mcfb/ros2_ws/src/ai_navigator/install/ai_navigator/lib/python3.12/site-packages/ai_navigator
[0.947s] copying /home/mcfb/ros2_ws/src/ai_navigator/build/ai_navigator/build/lib/ai_navigator/__init__.py -> /home/mcfb/ros2_ws/src/ai_navigator/install/ai_navigator/lib/python3.12/site-packages/ai_navigator
[0.947s] copying /home/mcfb/ros2_ws/src/ai_navigator/build/ai_navigator/build/lib/ai_navigator/obstacles.py -> /home/mcfb/ros2_ws/src/ai_navigator/install/ai_navigator/lib/python3.12/site-packages/ai_navigator
[0.947s] copying /home/mcfb/ros2_ws/src/ai_navigator/build/ai_navigator/build/lib/ai_navigator/smart_navigator.py -> /home/mcfb/ros2_ws/src/ai_navigator/install/ai_navigator/lib/python3.12/site-packages/ai_navigator
[0.947s] copying /home/mcfb/ros2_ws/src/ai_navigator/build/ai_navigator/build/lib/ai_navigator/autonomous_navigation.py -> /home/mcfb/ros2_ws/src/ai_navigator/install/ai_navigator/lib/python3.12/site-packages/ai_navigator
[0.947s] copying /home/mcfb/ros2_ws/src/ai_navigator/build/ai_navigator/build/lib/ai_navigator/path_planner.py -> /home/mcfb/ros2_ws/src/ai_navigator/install/ai_navigator/lib/python3.12/site-packages/ai_navigator
[0.947s] byte-compiling /home/mcfb/ros2_ws/src/ai_navigator/install/ai_navigator/lib/python3.12/site-packages/ai_navigator/drone_state.py to drone_state.cpython-312.pyc
[0.948s] byte-compiling /home/mcfb/ros2_ws/src/ai_navigator/install/ai_navigator/lib/python3.12/site-packages/ai_navigator/navigation_params.py to navigation_params.cpython-312.pyc
[0.948s] byte-compiling /home/mcfb/ros2_ws/src/ai_navigator/install/ai_navigator/lib/python3.12/site-packages/ai_navigator/obstacle_data.py to obstacle_data.cpython-312.pyc
[0.948s] byte-compiling /home/mcfb/ros2_ws/src/ai_navigator/install/ai_navigator/lib/python3.12/site-packages/ai_navigator/main.py to main.cpython-312.pyc
[0.949s] byte-compiling /home/mcfb/ros2_ws/src/ai_navigator/install/ai_navigator/lib/python3.12/site-packages/ai_navigator/__init__.py to __init__.cpython-312.pyc
[0.949s] byte-compiling /home/mcfb/ros2_ws/src/ai_navigator/install/ai_navigator/lib/python3.12/site-packages/ai_navigator/obstacles.py to obstacles.cpython-312.pyc
[0.949s] byte-compiling /home/mcfb/ros2_ws/src/ai_navigator/install/ai_navigator/lib/python3.12/site-packages/ai_navigator/smart_navigator.py to smart_navigator.cpython-312.pyc
[0.955s] byte-compiling /home/mcfb/ros2_ws/src/ai_navigator/install/ai_navigator/lib/python3.12/site-packages/ai_navigator/autonomous_navigation.py to autonomous_navigation.cpython-312.pyc
[0.963s] byte-compiling /home/mcfb/ros2_ws/src/ai_navigator/install/ai_navigator/lib/python3.12/site-packages/ai_navigator/path_planner.py to path_planner.cpython-312.pyc
[0.965s] running install_data
[0.965s] creating /home/mcfb/ros2_ws/src/ai_navigator/install/ai_navigator/share/ament_index/resource_index/packages
[0.965s] copying resource/ai_navigator -> /home/mcfb/ros2_ws/src/ai_navigator/install/ai_navigator/share/ament_index/resource_index/packages
[0.965s] copying package.xml -> /home/mcfb/ros2_ws/src/ai_navigator/install/ai_navigator/share/ai_navigator
[0.965s] running install_egg_info
[0.983s] Copying build/ai_navigator/ai_navigator.egg-info to /home/mcfb/ros2_ws/src/ai_navigator/install/ai_navigator/lib/python3.12/site-packages/ai_navigator-0.0.0-py3.12.egg-info
[0.983s] running install_scripts
[1.019s] Installing ai_camera_sub script to /home/mcfb/ros2_ws/src/ai_navigator/install/ai_navigator/lib/ai_navigator
[1.019s] Installing autonomous_navigation script to /home/mcfb/ros2_ws/src/ai_navigator/install/ai_navigator/lib/ai_navigator
[1.019s] Installing navigate_to_point script to /home/mcfb/ros2_ws/src/ai_navigator/install/ai_navigator/lib/ai_navigator
[1.019s] Installing point_to_point_nav script to /home/mcfb/ros2_ws/src/ai_navigator/install/ai_navigator/lib/ai_navigator
[1.019s] writing list of installed files to '/home/mcfb/ros2_ws/src/ai_navigator/build/ai_navigator/install.log'
[1.048s] Invoked command in '/home/mcfb/ros2_ws/src/ai_navigator' returned '0': DEBUGINFOD_URLS=https://debuginfod.ubuntu.com PYTHONPATH=/home/mcfb/ros2_ws/src/ai_navigator/build/ai_navigator/prefix_override:/usr/lib/python3/dist-packages/colcon_core/task/python/colcon_distutils_commands:/home/mcfb/ros2_ws/src/ai_navigator/install/ai_navigator/lib/python3.12/site-packages:${PYTHONPATH} /usr/bin/python3 -W ignore:setup.py install is deprecated -W ignore:easy_install command is deprecated setup.py egg_info --egg-base build/ai_navigator build --build-base /home/mcfb/ros2_ws/src/ai_navigator/build/ai_navigator/build install --record /home/mcfb/ros2_ws/src/ai_navigator/build/ai_navigator/install.log --single-version-externally-managed install_data
