/home/mcfb/drone_venv/lib/python3.12/site-packages/setuptools/_distutils/dist.py:289: UserWarning: Unknown distribution option: 'tests_require'
  warnings.warn(msg)
running egg_info
creating ../../build/px4_offboard/px4_offboard.egg-info
writing ../../build/px4_offboard/px4_offboard.egg-info/PKG-INFO
writing dependency_links to ../../build/px4_offboard/px4_offboard.egg-info/dependency_links.txt
writing entry points to ../../build/px4_offboard/px4_offboard.egg-info/entry_points.txt
writing requirements to ../../build/px4_offboard/px4_offboard.egg-info/requires.txt
writing top-level names to ../../build/px4_offboard/px4_offboard.egg-info/top_level.txt
writing manifest file '../../build/px4_offboard/px4_offboard.egg-info/SOURCES.txt'
reading manifest file '../../build/px4_offboard/px4_offboard.egg-info/SOURCES.txt'
adding license file 'LICENSE'
writing manifest file '../../build/px4_offboard/px4_offboard.egg-info/SOURCES.txt'
running build
running build_py
creating /home/mcfb/ros2_ws/build/px4_offboard/build/lib/px4_offboard
copying px4_offboard/offboard_control.py -> /home/mcfb/ros2_ws/build/px4_offboard/build/lib/px4_offboard
copying px4_offboard/__init__.py -> /home/mcfb/ros2_ws/build/px4_offboard/build/lib/px4_offboard
copying px4_offboard/visualizer.py -> /home/mcfb/ros2_ws/build/px4_offboard/build/lib/px4_offboard
running install
running install_lib
creating /home/mcfb/ros2_ws/install/px4_offboard/lib/python3.12/site-packages/px4_offboard
copying /home/mcfb/ros2_ws/build/px4_offboard/build/lib/px4_offboard/offboard_control.py -> /home/mcfb/ros2_ws/install/px4_offboard/lib/python3.12/site-packages/px4_offboard
copying /home/mcfb/ros2_ws/build/px4_offboard/build/lib/px4_offboard/__init__.py -> /home/mcfb/ros2_ws/install/px4_offboard/lib/python3.12/site-packages/px4_offboard
copying /home/mcfb/ros2_ws/build/px4_offboard/build/lib/px4_offboard/visualizer.py -> /home/mcfb/ros2_ws/install/px4_offboard/lib/python3.12/site-packages/px4_offboard
byte-compiling /home/mcfb/ros2_ws/install/px4_offboard/lib/python3.12/site-packages/px4_offboard/offboard_control.py to offboard_control.cpython-312.pyc
byte-compiling /home/mcfb/ros2_ws/install/px4_offboard/lib/python3.12/site-packages/px4_offboard/__init__.py to __init__.cpython-312.pyc
byte-compiling /home/mcfb/ros2_ws/install/px4_offboard/lib/python3.12/site-packages/px4_offboard/visualizer.py to visualizer.cpython-312.pyc
running install_data
creating /home/mcfb/ros2_ws/install/px4_offboard/share/ament_index/resource_index/packages
copying resource/px4_offboard -> /home/mcfb/ros2_ws/install/px4_offboard/share/ament_index/resource_index/packages
copying resource/visualize.rviz -> /home/mcfb/ros2_ws/install/px4_offboard/share/ament_index/resource_index/packages
copying package.xml -> /home/mcfb/ros2_ws/install/px4_offboard/share/px4_offboard
copying launch/offboard_position_control.launch.py -> /home/mcfb/ros2_ws/install/px4_offboard/share/px4_offboard
copying launch/offboard_hardware_position_control.launch.py -> /home/mcfb/ros2_ws/install/px4_offboard/share/px4_offboard
copying launch/visualize.launch.py -> /home/mcfb/ros2_ws/install/px4_offboard/share/px4_offboard
copying resource/visualize.rviz -> /home/mcfb/ros2_ws/install/px4_offboard/share/px4_offboard
running install_egg_info
Copying ../../build/px4_offboard/px4_offboard.egg-info to /home/mcfb/ros2_ws/install/px4_offboard/lib/python3.12/site-packages/px4_offboard-0.0.0-py3.12.egg-info
running install_scripts
Installing offboard_control script to /home/mcfb/ros2_ws/install/px4_offboard/lib/px4_offboard
Installing visualizer script to /home/mcfb/ros2_ws/install/px4_offboard/lib/px4_offboard
writing list of installed files to '/home/mcfb/ros2_ws/build/px4_offboard/install.log'
