[0.511s] Invoking command in '/home/mcfb/ros2_ws/src/px4-offboard': AMENT_PREFIX_PATH=/home/mcfb/ros2_ws/install/px4_msgs:${AMENT_PREFIX_PATH} CMAKE_PREFIX_PATH=/home/mcfb/ros2_ws/install/px4_msgs:${CMAKE_PREFIX_PATH} DEBUGINFOD_URLS=https://debuginfod.ubuntu.com LD_LIBRARY_PATH=/home/mcfb/ros2_ws/install/px4_msgs/lib:${LD_LIBRARY_PATH} PYTHONPATH=/home/mcfb/ros2_ws/build/px4_offboard/prefix_override:/usr/lib/python3/dist-packages/colcon_core/task/python/colcon_distutils_commands:/home/mcfb/ros2_ws/install/px4_offboard/lib/python3.12/site-packages:/home/mcfb/ros2_ws/install/px4_msgs/lib/python3.12/site-packages:${PYTHONPATH} /usr/bin/python3 -W ignore:setup.py install is deprecated -W ignore:easy_install command is deprecated setup.py egg_info --egg-base ../../build/px4_offboard build --build-base /home/mcfb/ros2_ws/build/px4_offboard/build install --record /home/mcfb/ros2_ws/build/px4_offboard/install.log --single-version-externally-managed install_data
[0.631s] /home/mcfb/drone_venv/lib/python3.12/site-packages/setuptools/_distutils/dist.py:289: UserWarning: Unknown distribution option: 'tests_require'
[0.631s]   warnings.warn(msg)
[0.716s] running egg_info
[0.731s] creating ../../build/px4_offboard/px4_offboard.egg-info
[0.731s] writing ../../build/px4_offboard/px4_offboard.egg-info/PKG-INFO
[0.731s] writing dependency_links to ../../build/px4_offboard/px4_offboard.egg-info/dependency_links.txt
[0.731s] writing entry points to ../../build/px4_offboard/px4_offboard.egg-info/entry_points.txt
[0.731s] writing requirements to ../../build/px4_offboard/px4_offboard.egg-info/requires.txt
[0.732s] writing top-level names to ../../build/px4_offboard/px4_offboard.egg-info/top_level.txt
[0.732s] writing manifest file '../../build/px4_offboard/px4_offboard.egg-info/SOURCES.txt'
[0.767s] reading manifest file '../../build/px4_offboard/px4_offboard.egg-info/SOURCES.txt'
[0.767s] adding license file 'LICENSE'
[0.768s] writing manifest file '../../build/px4_offboard/px4_offboard.egg-info/SOURCES.txt'
[0.768s] running build
[0.768s] running build_py
[0.768s] creating /home/mcfb/ros2_ws/build/px4_offboard/build/lib/px4_offboard
[0.768s] copying px4_offboard/offboard_control.py -> /home/mcfb/ros2_ws/build/px4_offboard/build/lib/px4_offboard
[0.768s] copying px4_offboard/__init__.py -> /home/mcfb/ros2_ws/build/px4_offboard/build/lib/px4_offboard
[0.769s] copying px4_offboard/visualizer.py -> /home/mcfb/ros2_ws/build/px4_offboard/build/lib/px4_offboard
[0.769s] running install
[0.772s] running install_lib
[0.787s] creating /home/mcfb/ros2_ws/install/px4_offboard/lib/python3.12/site-packages/px4_offboard
[0.787s] copying /home/mcfb/ros2_ws/build/px4_offboard/build/lib/px4_offboard/offboard_control.py -> /home/mcfb/ros2_ws/install/px4_offboard/lib/python3.12/site-packages/px4_offboard
[0.787s] copying /home/mcfb/ros2_ws/build/px4_offboard/build/lib/px4_offboard/__init__.py -> /home/mcfb/ros2_ws/install/px4_offboard/lib/python3.12/site-packages/px4_offboard
[0.787s] copying /home/mcfb/ros2_ws/build/px4_offboard/build/lib/px4_offboard/visualizer.py -> /home/mcfb/ros2_ws/install/px4_offboard/lib/python3.12/site-packages/px4_offboard
[0.787s] byte-compiling /home/mcfb/ros2_ws/install/px4_offboard/lib/python3.12/site-packages/px4_offboard/offboard_control.py to offboard_control.cpython-312.pyc
[0.788s] byte-compiling /home/mcfb/ros2_ws/install/px4_offboard/lib/python3.12/site-packages/px4_offboard/__init__.py to __init__.cpython-312.pyc
[0.788s] byte-compiling /home/mcfb/ros2_ws/install/px4_offboard/lib/python3.12/site-packages/px4_offboard/visualizer.py to visualizer.cpython-312.pyc
[0.789s] running install_data
[0.789s] creating /home/mcfb/ros2_ws/install/px4_offboard/share/ament_index/resource_index/packages
[0.790s] copying resource/px4_offboard -> /home/mcfb/ros2_ws/install/px4_offboard/share/ament_index/resource_index/packages
[0.790s] copying resource/visualize.rviz -> /home/mcfb/ros2_ws/install/px4_offboard/share/ament_index/resource_index/packages
[0.790s] copying package.xml -> /home/mcfb/ros2_ws/install/px4_offboard/share/px4_offboard
[0.790s] copying launch/offboard_position_control.launch.py -> /home/mcfb/ros2_ws/install/px4_offboard/share/px4_offboard
[0.790s] copying launch/offboard_hardware_position_control.launch.py -> /home/mcfb/ros2_ws/install/px4_offboard/share/px4_offboard
[0.790s] copying launch/visualize.launch.py -> /home/mcfb/ros2_ws/install/px4_offboard/share/px4_offboard
[0.790s] copying resource/visualize.rviz -> /home/mcfb/ros2_ws/install/px4_offboard/share/px4_offboard
[0.790s] running install_egg_info
[0.805s] Copying ../../build/px4_offboard/px4_offboard.egg-info to /home/mcfb/ros2_ws/install/px4_offboard/lib/python3.12/site-packages/px4_offboard-0.0.0-py3.12.egg-info
[0.805s] running install_scripts
[0.835s] Installing offboard_control script to /home/mcfb/ros2_ws/install/px4_offboard/lib/px4_offboard
[0.835s] Installing visualizer script to /home/mcfb/ros2_ws/install/px4_offboard/lib/px4_offboard
[0.835s] writing list of installed files to '/home/mcfb/ros2_ws/build/px4_offboard/install.log'
[0.855s] Invoked command in '/home/mcfb/ros2_ws/src/px4-offboard' returned '0': AMENT_PREFIX_PATH=/home/mcfb/ros2_ws/install/px4_msgs:${AMENT_PREFIX_PATH} CMAKE_PREFIX_PATH=/home/mcfb/ros2_ws/install/px4_msgs:${CMAKE_PREFIX_PATH} DEBUGINFOD_URLS=https://debuginfod.ubuntu.com LD_LIBRARY_PATH=/home/mcfb/ros2_ws/install/px4_msgs/lib:${LD_LIBRARY_PATH} PYTHONPATH=/home/mcfb/ros2_ws/build/px4_offboard/prefix_override:/usr/lib/python3/dist-packages/colcon_core/task/python/colcon_distutils_commands:/home/mcfb/ros2_ws/install/px4_offboard/lib/python3.12/site-packages:/home/mcfb/ros2_ws/install/px4_msgs/lib/python3.12/site-packages:${PYTHONPATH} /usr/bin/python3 -W ignore:setup.py install is deprecated -W ignore:easy_install command is deprecated setup.py egg_info --egg-base ../../build/px4_offboard build --build-base /home/mcfb/ros2_ws/build/px4_offboard/build install --record /home/mcfb/ros2_ws/build/px4_offboard/install.log --single-version-externally-managed install_data
