/home/mcfb/ros2_ws/src/ai_navigator/install/ai_navigator/lib/python3.12/site-packages/ai_navigator/drone_state.py
/home/mcfb/ros2_ws/src/ai_navigator/install/ai_navigator/lib/python3.12/site-packages/ai_navigator/navigation_params.py
/home/mcfb/ros2_ws/src/ai_navigator/install/ai_navigator/lib/python3.12/site-packages/ai_navigator/obstacle_data.py
/home/mcfb/ros2_ws/src/ai_navigator/install/ai_navigator/lib/python3.12/site-packages/ai_navigator/main.py
/home/mcfb/ros2_ws/src/ai_navigator/install/ai_navigator/lib/python3.12/site-packages/ai_navigator/__init__.py
/home/mcfb/ros2_ws/src/ai_navigator/install/ai_navigator/lib/python3.12/site-packages/ai_navigator/obstacles.py
/home/mcfb/ros2_ws/src/ai_navigator/install/ai_navigator/lib/python3.12/site-packages/ai_navigator/smart_navigator.py
/home/mcfb/ros2_ws/src/ai_navigator/install/ai_navigator/lib/python3.12/site-packages/ai_navigator/autonomous_navigation.py
/home/mcfb/ros2_ws/src/ai_navigator/install/ai_navigator/lib/python3.12/site-packages/ai_navigator/path_planner.py
/home/mcfb/ros2_ws/src/ai_navigator/install/ai_navigator/lib/python3.12/site-packages/ai_navigator/__pycache__/drone_state.cpython-312.pyc
/home/mcfb/ros2_ws/src/ai_navigator/install/ai_navigator/lib/python3.12/site-packages/ai_navigator/__pycache__/navigation_params.cpython-312.pyc
/home/mcfb/ros2_ws/src/ai_navigator/install/ai_navigator/lib/python3.12/site-packages/ai_navigator/__pycache__/obstacle_data.cpython-312.pyc
/home/mcfb/ros2_ws/src/ai_navigator/install/ai_navigator/lib/python3.12/site-packages/ai_navigator/__pycache__/main.cpython-312.pyc
/home/mcfb/ros2_ws/src/ai_navigator/install/ai_navigator/lib/python3.12/site-packages/ai_navigator/__pycache__/__init__.cpython-312.pyc
/home/mcfb/ros2_ws/src/ai_navigator/install/ai_navigator/lib/python3.12/site-packages/ai_navigator/__pycache__/obstacles.cpython-312.pyc
/home/mcfb/ros2_ws/src/ai_navigator/install/ai_navigator/lib/python3.12/site-packages/ai_navigator/__pycache__/smart_navigator.cpython-312.pyc
/home/mcfb/ros2_ws/src/ai_navigator/install/ai_navigator/lib/python3.12/site-packages/ai_navigator/__pycache__/autonomous_navigation.cpython-312.pyc
/home/mcfb/ros2_ws/src/ai_navigator/install/ai_navigator/lib/python3.12/site-packages/ai_navigator/__pycache__/path_planner.cpython-312.pyc
/home/mcfb/ros2_ws/src/ai_navigator/install/ai_navigator/share/ament_index/resource_index/packages/ai_navigator
/home/mcfb/ros2_ws/src/ai_navigator/install/ai_navigator/share/ai_navigator/package.xml
/home/mcfb/ros2_ws/src/ai_navigator/install/ai_navigator/lib/python3.12/site-packages/ai_navigator-0.0.0-py3.12.egg-info/requires.txt
/home/mcfb/ros2_ws/src/ai_navigator/install/ai_navigator/lib/python3.12/site-packages/ai_navigator-0.0.0-py3.12.egg-info/dependency_links.txt
/home/mcfb/ros2_ws/src/ai_navigator/install/ai_navigator/lib/python3.12/site-packages/ai_navigator-0.0.0-py3.12.egg-info/SOURCES.txt
/home/mcfb/ros2_ws/src/ai_navigator/install/ai_navigator/lib/python3.12/site-packages/ai_navigator-0.0.0-py3.12.egg-info/top_level.txt
/home/mcfb/ros2_ws/src/ai_navigator/install/ai_navigator/lib/python3.12/site-packages/ai_navigator-0.0.0-py3.12.egg-info/zip-safe
/home/mcfb/ros2_ws/src/ai_navigator/install/ai_navigator/lib/python3.12/site-packages/ai_navigator-0.0.0-py3.12.egg-info/entry_points.txt
/home/mcfb/ros2_ws/src/ai_navigator/install/ai_navigator/lib/python3.12/site-packages/ai_navigator-0.0.0-py3.12.egg-info/PKG-INFO
/home/mcfb/ros2_ws/src/ai_navigator/install/ai_navigator/lib/ai_navigator/ai_camera_sub
/home/mcfb/ros2_ws/src/ai_navigator/install/ai_navigator/lib/ai_navigator/autonomous_navigation
/home/mcfb/ros2_ws/src/ai_navigator/install/ai_navigator/lib/ai_navigator/navigate_to_point
/home/mcfb/ros2_ws/src/ai_navigator/install/ai_navigator/lib/ai_navigator/point_to_point_nav
